#
# There is insufficient memory for the Java Runtime Environment to continue.
# Native memory allocation (mmap) failed to map 394264576 bytes for G1 virtual space
# Possible reasons:
#   The system is out of physical RAM or swap space
#   The process is running with CompressedOops enabled, and the Java Heap may be blocking the growth of the native heap
# Possible solutions:
#   Reduce memory load on the system
#   Increase physical memory or swap space
#   Check if swap backing store is full
#   Decrease Java heap size (-Xmx/-Xms)
#   Decrease number of Java threads
#   Decrease Java thread stack sizes (-Xss)
#   Set larger code cache with -XX:ReservedCodeCacheSize=
#   JVM is running with Zero Based Compressed Oops mode in which the Java heap is
#     placed in the first 32GB address space. The Java Heap base address is the
#     maximum limit for the native heap growth. Please use -XX:HeapBaseMinAddress
#     to set the Java Heap base and to place the Java Heap above 32GB virtual address.
# This output file may be truncated or incomplete.
#
#  Out of Memory Error (os_windows.cpp:3557), pid=55188, tid=55236
#
# JRE version:  (17.0.6+10) (build )
# Java VM: OpenJDK 64-Bit Server VM (17.0.6+10-LTS, mixed mode, sharing, tiered, compressed oops, compressed class ptrs, g1 gc, windows-amd64)
# No core dump will be written. Minidumps are not enabled by default on client versions of Windows
#

---------------  S U M M A R Y ------------

Command Line: -Dnet.bytebuddy.agent.attacher.dump= net.bytebuddy.agent.Attacher com.sun.tools.attach.VirtualMachine 52400 C:\Users\hungt\.gradle\caches\modules-2\files-2.1\net.bytebuddy\byte-buddy-agent\1.14.4\3bf5ac1104554908cc623e40e58a00be37c35f36\byte-buddy-agent-1.14.4.jar false 

Host: AMD Ryzen 7 5800HS with Radeon Graphics         , 16 cores, 23G,  Windows 11 , 64 bit Build 22621 (10.0.22621.1635)
Time: Tue Jun 13 22:55:34 2023 SE Asia Standard Time elapsed time: 0.017785 seconds (0d 0h 0m 0s)

---------------  T H R E A D  ---------------

Current thread (0x00000194a41bfb30):  JavaThread "Unknown thread" [_thread_in_vm, id=55236, stack(0x00000073f0000000,0x00000073f0100000)]

Stack: [0x00000073f0000000,0x00000073f0100000]
Native frames: (J=compiled Java code, j=interpreted, Vv=VM code, C=native code)
V  [jvm.dll+0x64af5a]
V  [jvm.dll+0x7fea64]
V  [jvm.dll+0x80021e]
V  [jvm.dll+0x800873]
V  [jvm.dll+0x235648]
V  [jvm.dll+0x647eba]
V  [jvm.dll+0x63c5ca]
V  [jvm.dll+0x2f3c69]
V  [jvm.dll+0x2fad66]
V  [jvm.dll+0x34725a]
V  [jvm.dll+0x34749f]
V  [jvm.dll+0x2ca348]
V  [jvm.dll+0x2cb2d9]
V  [jvm.dll+0x7d2231]
V  [jvm.dll+0x354721]
V  [jvm.dll+0x7b277e]
V  [jvm.dll+0x3d13c3]
V  [jvm.dll+0x3d2dc1]
C  [jli.dll+0x519f]
C  [ucrtbase.dll+0x29363]
C  [KERNEL32.DLL+0x126ad]
C  [ntdll.dll+0x5a9f8]


---------------  P R O C E S S  ---------------

Threads class SMR info:
_java_thread_list=0x00007fff93ba28e8, length=0, elements={
}

Java Threads: ( => current thread )

Other Threads:
  0x00000194a4248b40 GCTaskThread "GC Thread#0" [stack: 0x00000073f0100000,0x00000073f0200000] [id=55248]
  0x00000194a4255730 ConcurrentGCThread "G1 Main Marker" [stack: 0x00000073f0200000,0x00000073f0300000] [id=55252]
  0x00000194a4258000 ConcurrentGCThread "G1 Conc#0" [stack: 0x00000073f0300000,0x00000073f0400000] [id=55256]

[error occurred during error reporting (printing all threads), id 0xc0000005, EXCEPTION_ACCESS_VIOLATION (0xc0000005) at pc=0x00007fff9338b557]

VM state: not at safepoint (not fully initialized)

VM Mutex/Monitor currently owned by a thread:  ([mutex/lock_event])
[0x00000194a41bb930] Heap_lock - owner thread: 0x00000194a41bfb30

Heap address: 0x0000000689400000, size: 5996 MB, Compressed Oops mode: Zero based, Oop shift amount: 3

CDS archive(s) mapped at: [0x0000000000000000-0x0000000000000000-0x0000000000000000), size 0, SharedBaseAddress: 0x0000000800000000, ArchiveRelocationMode: 0.
Narrow klass base: 0x0000000000000000, Narrow klass shift: 0, Narrow klass range: 0x0

GC Precious Log:
<Empty>

Heap:
 garbage-first heap   total 0K, used 0K [0x0000000689400000, 0x0000000800000000)
  region size 4096K, 0 young (0K), 0 survivors (0K)

[error occurred during error reporting (printing heap information), id 0xc0000005, EXCEPTION_ACCESS_VIOLATION (0xc0000005) at pc=0x00007fff93752999]

GC Heap History (0 events):
No events

Dll operation events (1 events):
Event: 0.012 Loaded shared library C:\Program Files\BellSoft\LibericaJDK-17-Full\bin\java.dll

Deoptimization events (0 events):
No events

Classes unloaded (0 events):
No events

Classes redefined (0 events):
No events

Internal exceptions (0 events):
No events

VM Operations (0 events):
No events

Events (0 events):
No events


Dynamic libraries:
0x00007ff603bd0000 - 0x00007ff603bdd000 	C:\Program Files\BellSoft\LibericaJDK-17-Full\bin\java.exe
0x00007fffdc690000 - 0x00007fffdc8a4000 	C:\WINDOWS\SYSTEM32\ntdll.dll
0x00007fffdaf10000 - 0x00007fffdafd2000 	C:\WINDOWS\System32\KERNEL32.DLL
0x00007fffd9ff0000 - 0x00007fffda393000 	C:\WINDOWS\System32\KERNELBASE.dll
0x00007fffd9bc0000 - 0x00007fffd9cd1000 	C:\WINDOWS\System32\ucrtbase.dll
0x00007fffc6dd0000 - 0x00007fffc6de5000 	C:\Program Files\BellSoft\LibericaJDK-17-Full\bin\VCRUNTIME140.dll
0x00007fffc6e50000 - 0x00007fffc6e67000 	C:\Program Files\BellSoft\LibericaJDK-17-Full\bin\jli.dll
0x00007fffdad60000 - 0x00007fffdaf0b000 	C:\WINDOWS\System32\USER32.dll
0x00007fffda460000 - 0x00007fffda486000 	C:\WINDOWS\System32\win32u.dll
0x00007fffc4840000 - 0x00007fffc4ace000 	C:\WINDOWS\WinSxS\amd64_microsoft.windows.common-controls_6595b64144ccf1df_6.0.22621.1635_none_270f70857386168e\COMCTL32.dll
0x00007fffdc460000 - 0x00007fffdc489000 	C:\WINDOWS\System32\GDI32.dll
0x00007fffdc540000 - 0x00007fffdc5e7000 	C:\WINDOWS\System32\msvcrt.dll
0x00007fffd9ce0000 - 0x00007fffd9df8000 	C:\WINDOWS\System32\gdi32full.dll
0x00007fffd9b20000 - 0x00007fffd9bba000 	C:\WINDOWS\System32\msvcp_win.dll
0x00007fffdc610000 - 0x00007fffdc641000 	C:\WINDOWS\System32\IMM32.DLL
0x00007fff9b8f0000 - 0x00007fff9b98b000 	C:\Program Files\BellSoft\LibericaJDK-17-Full\bin\msvcp140.dll
0x00007fff930b0000 - 0x00007fff93cd0000 	C:\Program Files\BellSoft\LibericaJDK-17-Full\bin\server\jvm.dll
0x00007fffdc490000 - 0x00007fffdc53e000 	C:\WINDOWS\System32\ADVAPI32.dll
0x00007fffdb8e0000 - 0x00007fffdb984000 	C:\WINDOWS\System32\sechost.dll
0x00007fffdb600000 - 0x00007fffdb717000 	C:\WINDOWS\System32\RPCRT4.dll
0x00007fffd6e20000 - 0x00007fffd6e29000 	C:\WINDOWS\SYSTEM32\WSOCK32.dll
0x00007fffd3ce0000 - 0x00007fffd3d14000 	C:\WINDOWS\SYSTEM32\WINMM.dll
0x00007fffcf1d0000 - 0x00007fffcf1da000 	C:\WINDOWS\SYSTEM32\VERSION.dll
0x00007fffdb990000 - 0x00007fffdba01000 	C:\WINDOWS\System32\WS2_32.dll
0x00007fffd8bb0000 - 0x00007fffd8bc8000 	C:\WINDOWS\SYSTEM32\kernel.appcore.dll
0x00007fffc8ef0000 - 0x00007fffc8efa000 	C:\Program Files\BellSoft\LibericaJDK-17-Full\bin\jimage.dll
0x00007fffd3ab0000 - 0x00007fffd3cde000 	C:\WINDOWS\SYSTEM32\DBGHELP.DLL
0x00007fffdb090000 - 0x00007fffdb419000 	C:\WINDOWS\System32\combase.dll
0x00007fffdc380000 - 0x00007fffdc457000 	C:\WINDOWS\System32\OLEAUT32.dll
0x00007fffd38c0000 - 0x00007fffd38f2000 	C:\WINDOWS\SYSTEM32\dbgcore.DLL
0x00007fffd9e00000 - 0x00007fffd9e7b000 	C:\WINDOWS\System32\bcryptPrimitives.dll
0x00007fffbffa0000 - 0x00007fffbffc5000 	C:\Program Files\BellSoft\LibericaJDK-17-Full\bin\java.dll

dbghelp: loaded successfully - version: 4.0.5 - missing functions: none
symbol engine: initialized successfully - sym options: 0x614 - pdb path: .;C:\Program Files\BellSoft\LibericaJDK-17-Full\bin;C:\WINDOWS\SYSTEM32;C:\WINDOWS\WinSxS\amd64_microsoft.windows.common-controls_6595b64144ccf1df_6.0.22621.1635_none_270f70857386168e;C:\Program Files\BellSoft\LibericaJDK-17-Full\bin\server

VM Arguments:
jvm_args: -Dnet.bytebuddy.agent.attacher.dump= 
java_command: net.bytebuddy.agent.Attacher com.sun.tools.attach.VirtualMachine 52400 C:\Users\hungt\.gradle\caches\modules-2\files-2.1\net.bytebuddy\byte-buddy-agent\1.14.4\3bf5ac1104554908cc623e40e58a00be37c35f36\byte-buddy-agent-1.14.4.jar false 
java_class_path (initial): C:\Users\hungt\.gradle\caches\modules-2\files-2.1\net.bytebuddy\byte-buddy-agent\1.14.4\3bf5ac1104554908cc623e40e58a00be37c35f36\byte-buddy-agent-1.14.4.jar
Launcher Type: SUN_STANDARD

[Global flags]
     intx CICompilerCount                          = 12                                        {product} {ergonomic}
     uint ConcGCThreads                            = 3                                         {product} {ergonomic}
     uint G1ConcRefinementThreads                  = 13                                        {product} {ergonomic}
   size_t G1HeapRegionSize                         = 4194304                                   {product} {ergonomic}
    uintx GCDrainStackTargetSize                   = 64                                        {product} {ergonomic}
   size_t InitialHeapSize                          = 394264576                                 {product} {ergonomic}
   size_t MarkStackSize                            = 4194304                                   {product} {ergonomic}
   size_t MaxHeapSize                              = 6287261696                                {product} {ergonomic}
   size_t MinHeapDeltaBytes                        = 4194304                                   {product} {ergonomic}
   size_t MinHeapSize                              = 8388608                                   {product} {ergonomic}
    uintx NonNMethodCodeHeapSize                   = 7602480                                {pd product} {ergonomic}
    uintx NonProfiledCodeHeapSize                  = 122027880                              {pd product} {ergonomic}
    uintx ProfiledCodeHeapSize                     = 122027880                              {pd product} {ergonomic}
    uintx ReservedCodeCacheSize                    = 251658240                              {pd product} {ergonomic}
     bool SegmentedCodeCache                       = true                                      {product} {ergonomic}
   size_t SoftMaxHeapSize                          = 6287261696                             {manageable} {ergonomic}
     bool UseCompressedClassPointers               = true                           {product lp64_product} {ergonomic}
     bool UseCompressedOops                        = true                           {product lp64_product} {ergonomic}
     bool UseG1GC                                  = true                                      {product} {ergonomic}
     bool UseLargePagesIndividualAllocation        = false                                  {pd product} {ergonomic}

Logging:
Log output configuration:
 #0: stdout all=warning uptime,level,tags
 #1: stderr all=off uptime,level,tags

Environment Variables:
JAVA_HOME=C:\Program Files\BellSoft\LibericaJDK-17-Full\
PATH=C:\Program Files\BellSoft\LibericaJDK-17-Full\bin\;C:\Windows\system32;C:\Windows;C:\Windows\System32\Wbem;C:\Windows\System32\WindowsPowerShell\v1.0\;C:\Windows\System32\OpenSSH\;C:\Program Files (x86)\NVIDIA Corporation\PhysX\Common;C:\Program Files\NVIDIA Corporation\NVIDIA NvDLISR;C:\WINDOWS\system32;C:\WINDOWS;C:\WINDOWS\System32\Wbem;C:\WINDOWS\System32\WindowsPowerShell\v1.0\;C:\WINDOWS\System32\OpenSSH\;C:\Program Files\Git\cmd;C:\Program Files\Docker\Docker\resources\bin;C:\Program Files\nodejs\;C:\Users\hungt\AppData\Local\Programs\Python\Python312\Scripts\;C:\Users\hungt\AppData\Local\Programs\Python\Python312\;C:\Users\hungt\AppData\Local\Programs\Python\Launcher\;C:\Users\hungt\AppData\Local\Microsoft\WindowsApps;;C:\Users\hungt\AppData\Local\Programs\Microsoft VS Code\bin;C:\Users\hungt\AppData\Roaming\npm
USERNAME=hungt
OS=Windows_NT
PROCESSOR_IDENTIFIER=AMD64 Family 25 Model 80 Stepping 0, AuthenticAMD
TMP=C:\Users\hungt\AppData\Local\Temp
TEMP=C:\Users\hungt\AppData\Local\Temp



---------------  S Y S T E M  ---------------

OS:
 Windows 11 , 64 bit Build 22621 (10.0.22621.1635)
OS uptime: 4 days 3:42 hours
Hyper-V role detected

CPU: total 16 (initial active 16) (16 cores per cpu, 2 threads per core) family 25 model 80 stepping 0 microcode 0x0, cx8, cmov, fxsr, ht, mmx, 3dnowpref, sse, sse2, sse3, ssse3, sse4a, sse4.1, sse4.2, popcnt, lzcnt, tsc, tscinvbit, avx, avx2, aes, erms, clmul, bmi1, bmi2, adx, sha, fma, vzeroupper, clflush, clflushopt, hv

Memory: 4k page, system-wide physical 23968M (614M free)
TotalPageFile size 40433M (AvailPageFile size 269M)
current process WorkingSet (physical memory assigned to process): 11M, peak: 11M
current process commit charge ("private bytes"): 70M, peak: 446M

vm_info: OpenJDK 64-Bit Server VM (17.0.6+10-LTS) for windows-amd64 JRE (17.0.6+10-LTS), built on Jan 12 2023 13:48:56 by "" with MS VC++ 15.9 (VS2017)

END.
